Flow report for de0_vga_qsys
Sun Feb 26 15:33:21 2012
Quartus II 32-bit Version 11.1 Build 173 11/01/2011 SJ Web Edition


---------------------
; Table of Contents ;
---------------------
  1. Legal Notice
  2. Flow Summary
  3. Flow Settings
  4. Flow Non-Default Global Settings
  5. Flow Elapsed Time
  6. Flow OS Summary
  7. Flow Log



----------------
; Legal Notice ;
----------------
Copyright (C) 1991-2011 Altera Corporation
Your use of Altera Corporation's design tools, logic functions 
and other software and tools, and its AMPP partner logic 
functions, and any output files from any of the foregoing 
(including device programming or simulation files), and any 
associated documentation or information are expressly subject 
to the terms and conditions of the Altera Program License 
Subscription Agreement, Altera MegaCore Function License 
Agreement, or other applicable license agreement, including, 
without limitation, that your use is for the sole purpose of 
programming logic devices manufactured by Altera and sold by 
Altera or its authorized distributors.  Please refer to the 
applicable agreement for further details.



+-------------------------------------------------------------------------------+
; Flow Summary                                                                  ;
+------------------------------------+------------------------------------------+
; Flow Status                        ; Successful - Sun Feb 26 15:33:08 2012    ;
; Quartus II 32-bit Version          ; 11.1 Build 173 11/01/2011 SJ Web Edition ;
; Revision Name                      ; de0_vga_qsys                             ;
; Top-level Entity Name              ; de0_vga_qsys                             ;
; Family                             ; Cyclone III                              ;
; Device                             ; EP3C16F484C6                             ;
; Timing Models                      ; Final                                    ;
; Total logic elements               ; 4,929 / 15,408 ( 32 % )                  ;
;     Total combinational functions  ; 4,156 / 15,408 ( 27 % )                  ;
;     Dedicated logic registers      ; 3,306 / 15,408 ( 21 % )                  ;
; Total registers                    ; 3374                                     ;
; Total pins                         ; 66 / 347 ( 19 % )                        ;
; Total virtual pins                 ; 0                                        ;
; Total memory bits                  ; 50,816 / 516,096 ( 10 % )                ;
; Embedded Multiplier 9-bit elements ; 4 / 112 ( 4 % )                          ;
; Total PLLs                         ; 1 / 4 ( 25 % )                           ;
+------------------------------------+------------------------------------------+


+-----------------------------------------+
; Flow Settings                           ;
+-------------------+---------------------+
; Option            ; Setting             ;
+-------------------+---------------------+
; Start date & time ; 02/26/2012 15:30:46 ;
; Main task         ; Compilation         ;
; Revision Name     ; de0_vga_qsys        ;
+-------------------+---------------------+


+------------------------------------------------------------------------------------------------------------------------------------------------------------------------+
; Flow Non-Default Global Settings                                                                                                                                       ;
+-------------------------------------+----------------------------------------------------------+---------------+------------------------------------------+------------+
; Assignment Name                     ; Value                                                    ; Default Value ; Entity Name                              ; Section Id ;
+-------------------------------------+----------------------------------------------------------+---------------+------------------------------------------+------------+
; COMPILER_SIGNATURE_ID               ; 120881185408.133026664613118                             ; --            ; --                                       ; --         ;
; ENABLE_SIGNALTAP                    ; Off                                                      ; --            ; --                                       ; --         ;
; IP_TOOL_ENV                         ; qsys                                                     ; --            ; altera_avalon_sc_fifo                    ; --         ;
; IP_TOOL_ENV                         ; qsys                                                     ; --            ; altera_avalon_st_handshake_clock_crosser ; --         ;
; IP_TOOL_ENV                         ; qsys                                                     ; --            ; altera_merlin_burst_adapter              ; --         ;
; IP_TOOL_ENV                         ; qsys                                                     ; --            ; altera_merlin_master_agent               ; --         ;
; IP_TOOL_ENV                         ; qsys                                                     ; --            ; altera_merlin_master_translator          ; --         ;
; IP_TOOL_ENV                         ; qsys                                                     ; --            ; altera_merlin_slave_agent                ; --         ;
; IP_TOOL_ENV                         ; qsys                                                     ; --            ; altera_merlin_slave_translator           ; --         ;
; IP_TOOL_ENV                         ; qsys                                                     ; --            ; altera_merlin_traffic_limiter            ; --         ;
; IP_TOOL_ENV                         ; qsys                                                     ; --            ; altera_merlin_width_adapter              ; --         ;
; IP_TOOL_ENV                         ; qsys                                                     ; --            ; altera_reset_controller                  ; --         ;
; IP_TOOL_ENV                         ; qsys                                                     ; --            ; system                                   ; --         ;
; IP_TOOL_ENV                         ; qsys                                                     ; --            ; system_addr_router                       ; --         ;
; IP_TOOL_ENV                         ; qsys                                                     ; --            ; system_addr_router_001                   ; --         ;
; IP_TOOL_ENV                         ; qsys                                                     ; --            ; system_addr_router_002                   ; --         ;
; IP_TOOL_ENV                         ; qsys                                                     ; --            ; system_cmd_xbar_demux                    ; --         ;
; IP_TOOL_ENV                         ; qsys                                                     ; --            ; system_cmd_xbar_demux_001                ; --         ;
; IP_TOOL_ENV                         ; qsys                                                     ; --            ; system_cmd_xbar_demux_002                ; --         ;
; IP_TOOL_ENV                         ; qsys                                                     ; --            ; system_cmd_xbar_mux                      ; --         ;
; IP_TOOL_ENV                         ; qsys                                                     ; --            ; system_cmd_xbar_mux_001                  ; --         ;
; IP_TOOL_ENV                         ; qsys                                                     ; --            ; system_cpu_0                             ; --         ;
; IP_TOOL_ENV                         ; qsys                                                     ; --            ; system_id_router                         ; --         ;
; IP_TOOL_ENV                         ; qsys                                                     ; --            ; system_id_router_001                     ; --         ;
; IP_TOOL_ENV                         ; qsys                                                     ; --            ; system_id_router_002                     ; --         ;
; IP_TOOL_ENV                         ; qsys                                                     ; --            ; system_irq_mapper                        ; --         ;
; IP_TOOL_ENV                         ; qsys                                                     ; --            ; system_jtag_uart_0                       ; --         ;
; IP_TOOL_ENV                         ; qsys                                                     ; --            ; system_rsp_xbar_demux                    ; --         ;
; IP_TOOL_ENV                         ; qsys                                                     ; --            ; system_rsp_xbar_demux_001                ; --         ;
; IP_TOOL_ENV                         ; qsys                                                     ; --            ; system_rsp_xbar_demux_002                ; --         ;
; IP_TOOL_ENV                         ; qsys                                                     ; --            ; system_rsp_xbar_mux                      ; --         ;
; IP_TOOL_ENV                         ; qsys                                                     ; --            ; system_rsp_xbar_mux_001                  ; --         ;
; IP_TOOL_ENV                         ; qsys                                                     ; --            ; system_sdram_0                           ; --         ;
; IP_TOOL_ENV                         ; qsys                                                     ; --            ; system_sysclks                           ; --         ;
; IP_TOOL_NAME                        ; FIFO                                                     ; --            ; --                                       ; --         ;
; IP_TOOL_NAME                        ; altera_avalon_sc_fifo                                    ; --            ; altera_avalon_sc_fifo                    ; --         ;
; IP_TOOL_NAME                        ; altera_avalon_st_handshake_clock_crosser                 ; --            ; altera_avalon_st_handshake_clock_crosser ; --         ;
; IP_TOOL_NAME                        ; altera_merlin_burst_adapter                              ; --            ; altera_merlin_burst_adapter              ; --         ;
; IP_TOOL_NAME                        ; altera_merlin_master_agent                               ; --            ; altera_merlin_master_agent               ; --         ;
; IP_TOOL_NAME                        ; altera_merlin_master_translator                          ; --            ; altera_merlin_master_translator          ; --         ;
; IP_TOOL_NAME                        ; altera_merlin_slave_agent                                ; --            ; altera_merlin_slave_agent                ; --         ;
; IP_TOOL_NAME                        ; altera_merlin_slave_translator                           ; --            ; altera_merlin_slave_translator           ; --         ;
; IP_TOOL_NAME                        ; altera_merlin_traffic_limiter                            ; --            ; altera_merlin_traffic_limiter            ; --         ;
; IP_TOOL_NAME                        ; altera_merlin_width_adapter                              ; --            ; altera_merlin_width_adapter              ; --         ;
; IP_TOOL_NAME                        ; altera_reset_controller                                  ; --            ; altera_reset_controller                  ; --         ;
; IP_TOOL_NAME                        ; qsys                                                     ; --            ; system                                   ; --         ;
; IP_TOOL_NAME                        ; altera_merlin_router                                     ; --            ; system_addr_router                       ; --         ;
; IP_TOOL_NAME                        ; altera_merlin_router                                     ; --            ; system_addr_router_001                   ; --         ;
; IP_TOOL_NAME                        ; altera_merlin_router                                     ; --            ; system_addr_router_002                   ; --         ;
; IP_TOOL_NAME                        ; altera_merlin_demultiplexer                              ; --            ; system_cmd_xbar_demux                    ; --         ;
; IP_TOOL_NAME                        ; altera_merlin_demultiplexer                              ; --            ; system_cmd_xbar_demux_001                ; --         ;
; IP_TOOL_NAME                        ; altera_merlin_demultiplexer                              ; --            ; system_cmd_xbar_demux_002                ; --         ;
; IP_TOOL_NAME                        ; altera_merlin_multiplexer                                ; --            ; system_cmd_xbar_mux                      ; --         ;
; IP_TOOL_NAME                        ; altera_merlin_multiplexer                                ; --            ; system_cmd_xbar_mux_001                  ; --         ;
; IP_TOOL_NAME                        ; altera_nios2_qsys                                        ; --            ; system_cpu_0                             ; --         ;
; IP_TOOL_NAME                        ; altera_merlin_router                                     ; --            ; system_id_router                         ; --         ;
; IP_TOOL_NAME                        ; altera_merlin_router                                     ; --            ; system_id_router_001                     ; --         ;
; IP_TOOL_NAME                        ; altera_merlin_router                                     ; --            ; system_id_router_002                     ; --         ;
; IP_TOOL_NAME                        ; altera_irq_mapper                                        ; --            ; system_irq_mapper                        ; --         ;
; IP_TOOL_NAME                        ; altera_avalon_jtag_uart                                  ; --            ; system_jtag_uart_0                       ; --         ;
; IP_TOOL_NAME                        ; altera_merlin_demultiplexer                              ; --            ; system_rsp_xbar_demux                    ; --         ;
; IP_TOOL_NAME                        ; altera_merlin_demultiplexer                              ; --            ; system_rsp_xbar_demux_001                ; --         ;
; IP_TOOL_NAME                        ; altera_merlin_demultiplexer                              ; --            ; system_rsp_xbar_demux_002                ; --         ;
; IP_TOOL_NAME                        ; altera_merlin_multiplexer                                ; --            ; system_rsp_xbar_mux                      ; --         ;
; IP_TOOL_NAME                        ; altera_merlin_multiplexer                                ; --            ; system_rsp_xbar_mux_001                  ; --         ;
; IP_TOOL_NAME                        ; altera_avalon_new_sdram_controller                       ; --            ; system_sdram_0                           ; --         ;
; IP_TOOL_NAME                        ; altpll                                                   ; --            ; system_sysclks                           ; --         ;
; IP_TOOL_VERSION                     ; 11.1                                                     ; --            ; --                                       ; --         ;
; IP_TOOL_VERSION                     ; 11.1                                                     ; --            ; altera_avalon_sc_fifo                    ; --         ;
; IP_TOOL_VERSION                     ; 11.1                                                     ; --            ; altera_avalon_st_handshake_clock_crosser ; --         ;
; IP_TOOL_VERSION                     ; 11.1                                                     ; --            ; altera_merlin_burst_adapter              ; --         ;
; IP_TOOL_VERSION                     ; 11.1                                                     ; --            ; altera_merlin_master_agent               ; --         ;
; IP_TOOL_VERSION                     ; 11.1                                                     ; --            ; altera_merlin_master_translator          ; --         ;
; IP_TOOL_VERSION                     ; 11.1                                                     ; --            ; altera_merlin_slave_agent                ; --         ;
; IP_TOOL_VERSION                     ; 11.1                                                     ; --            ; altera_merlin_slave_translator           ; --         ;
; IP_TOOL_VERSION                     ; 11.1                                                     ; --            ; altera_merlin_traffic_limiter            ; --         ;
; IP_TOOL_VERSION                     ; 11.1                                                     ; --            ; altera_merlin_width_adapter              ; --         ;
; IP_TOOL_VERSION                     ; 11.1                                                     ; --            ; altera_reset_controller                  ; --         ;
; IP_TOOL_VERSION                     ; 11.1                                                     ; --            ; system                                   ; --         ;
; IP_TOOL_VERSION                     ; 11.1                                                     ; --            ; system_addr_router                       ; --         ;
; IP_TOOL_VERSION                     ; 11.1                                                     ; --            ; system_addr_router_001                   ; --         ;
; IP_TOOL_VERSION                     ; 11.1                                                     ; --            ; system_addr_router_002                   ; --         ;
; IP_TOOL_VERSION                     ; 11.1                                                     ; --            ; system_cmd_xbar_demux                    ; --         ;
; IP_TOOL_VERSION                     ; 11.1                                                     ; --            ; system_cmd_xbar_demux_001                ; --         ;
; IP_TOOL_VERSION                     ; 11.1                                                     ; --            ; system_cmd_xbar_demux_002                ; --         ;
; IP_TOOL_VERSION                     ; 11.1                                                     ; --            ; system_cmd_xbar_mux                      ; --         ;
; IP_TOOL_VERSION                     ; 11.1                                                     ; --            ; system_cmd_xbar_mux_001                  ; --         ;
; IP_TOOL_VERSION                     ; 11.1                                                     ; --            ; system_cpu_0                             ; --         ;
; IP_TOOL_VERSION                     ; 11.1                                                     ; --            ; system_id_router                         ; --         ;
; IP_TOOL_VERSION                     ; 11.1                                                     ; --            ; system_id_router_001                     ; --         ;
; IP_TOOL_VERSION                     ; 11.1                                                     ; --            ; system_id_router_002                     ; --         ;
; IP_TOOL_VERSION                     ; 11.1                                                     ; --            ; system_irq_mapper                        ; --         ;
; IP_TOOL_VERSION                     ; 11.1                                                     ; --            ; system_jtag_uart_0                       ; --         ;
; IP_TOOL_VERSION                     ; 11.1                                                     ; --            ; system_rsp_xbar_demux                    ; --         ;
; IP_TOOL_VERSION                     ; 11.1                                                     ; --            ; system_rsp_xbar_demux_001                ; --         ;
; IP_TOOL_VERSION                     ; 11.1                                                     ; --            ; system_rsp_xbar_demux_002                ; --         ;
; IP_TOOL_VERSION                     ; 11.1                                                     ; --            ; system_rsp_xbar_mux                      ; --         ;
; IP_TOOL_VERSION                     ; 11.1                                                     ; --            ; system_rsp_xbar_mux_001                  ; --         ;
; IP_TOOL_VERSION                     ; 11.1                                                     ; --            ; system_sdram_0                           ; --         ;
; IP_TOOL_VERSION                     ; 11.1                                                     ; --            ; system_sysclks                           ; --         ;
; MAX_CORE_JUNCTION_TEMP              ; 85                                                       ; --            ; --                                       ; --         ;
; MIN_CORE_JUNCTION_TEMP              ; 0                                                        ; --            ; --                                       ; --         ;
; MISC_FILE                           ; system/synthesis/../../system.sopcinfo                   ; --            ; --                                       ; --         ;
; MISC_FILE                           ; system/synthesis/../../system.qsys                       ; --            ; --                                       ; --         ;
; MISC_FILE                           ; fifo_inst.vhd                                            ; --            ; --                                       ; --         ;
; MISC_FILE                           ; fifo.cmp                                                 ; --            ; --                                       ; --         ;
; OUTPUT_IO_TIMING_FAR_END_VMEAS      ; Half Signal Swing                                        ; --            ; --                                       ; --         ;
; OUTPUT_IO_TIMING_FAR_END_VMEAS      ; Half Signal Swing                                        ; --            ; --                                       ; --         ;
; OUTPUT_IO_TIMING_NEAR_END_VMEAS     ; Half Vccio                                               ; --            ; --                                       ; --         ;
; OUTPUT_IO_TIMING_NEAR_END_VMEAS     ; Half Vccio                                               ; --            ; --                                       ; --         ;
; PARTITION_COLOR                     ; 14622752                                                 ; --            ; --                                       ; Top        ;
; PARTITION_FITTER_PRESERVATION_LEVEL ; PLACEMENT_AND_ROUTING                                    ; --            ; --                                       ; Top        ;
; PARTITION_NETLIST_TYPE              ; SOURCE                                                   ; --            ; --                                       ; Top        ;
; POWER_BOARD_THERMAL_MODEL           ; None (CONSERVATIVE)                                      ; --            ; --                                       ; --         ;
; POWER_PRESET_COOLING_SOLUTION       ; 23 MM HEAT SINK WITH 200 LFPM AIRFLOW                    ; --            ; --                                       ; --         ;
; SLD_INFO                            ; QSYS_NAME system HAS_SOPCINFO 1 GENERATION_ID 1330258600 ; --            ; system                                   ; --         ;
; USE_SIGNALTAP_FILE                  ; default.stp                                              ; --            ; --                                       ; --         ;
+-------------------------------------+----------------------------------------------------------+---------------+------------------------------------------+------------+


+-------------------------------------------------------------------------------------------------------------------------------+
; Flow Elapsed Time                                                                                                             ;
+---------------------------+--------------+-------------------------+---------------------+------------------------------------+
; Module Name               ; Elapsed Time ; Average Processors Used ; Peak Virtual Memory ; Total CPU Time (on all processors) ;
+---------------------------+--------------+-------------------------+---------------------+------------------------------------+
; Analysis & Synthesis      ; 00:01:03     ; 1.0                     ; --                  ; 00:01:01                           ;
; Fitter                    ; 00:00:53     ; 1.0                     ; --                  ; 00:00:53                           ;
; Assembler                 ; 00:00:04     ; 1.0                     ; --                  ; 00:00:04                           ;
; TimeQuest Timing Analyzer ; 00:00:17     ; 1.0                     ; --                  ; 00:00:16                           ;
; Total                     ; 00:02:17     ; --                      ; --                  ; 00:02:14                           ;
+---------------------------+--------------+-------------------------+---------------------+------------------------------------+


+-------------------------------------------------------------------------------------------+
; Flow OS Summary                                                                           ;
+---------------------------+------------------+--------------+------------+----------------+
; Module Name               ; Machine Hostname ; OS Name      ; OS Version ; Processor type ;
+---------------------------+------------------+--------------+------------+----------------+
; Analysis & Synthesis      ; darius-laptop    ; Ubuntu 11.10 ; 11         ; i686           ;
; Fitter                    ; darius-laptop    ; Ubuntu 11.10 ; 11         ; i686           ;
; Assembler                 ; darius-laptop    ; Ubuntu 11.10 ; 11         ; i686           ;
; TimeQuest Timing Analyzer ; darius-laptop    ; Ubuntu 11.10 ; 11         ; i686           ;
+---------------------------+------------------+--------------+------------+----------------+


------------
; Flow Log ;
------------
quartus_map --read_settings_files=on --write_settings_files=off de0_vga_qsys -c de0_vga_qsys
quartus_fit --read_settings_files=off --write_settings_files=off de0_vga_qsys -c de0_vga_qsys
quartus_asm --read_settings_files=off --write_settings_files=off de0_vga_qsys -c de0_vga_qsys
quartus_sta de0_vga_qsys -c de0_vga_qsys



